<?xml version="1.0" encoding="UTF-8"?>
<testng-results skipped="0" failed="0" ignored="0" total="2" passed="2">
  <reporter-output>
  </reporter-output>
  <suite name="Suite" duration-ms="78271" started-at="2020-09-05T08:34:54 IST" finished-at="2020-09-05T08:36:12 IST">
    <groups>
    </groups>
    <test name="Test" duration-ms="78271" started-at="2020-09-05T08:34:54 IST" finished-at="2020-09-05T08:36:12 IST">
      <class name="com.AppScripts.signUpFree">
        <test-method status="PASS" signature="setupExtent()[pri:0, instance:com.AppScripts.signUpFree@371a67ec]" name="setupExtent" is-config="true" duration-ms="7" started-at="2020-09-05T08:34:54 IST" finished-at="2020-09-05T08:34:54 IST">
          <reporter-output>
          </reporter-output>
        </test-method> <!-- setupExtent -->
        <test-method status="PASS" signature="SignUpFreeAccount()[pri:1, instance:com.AppScripts.signUpFree@371a67ec]" name="SignUpFreeAccount" duration-ms="232" started-at="2020-09-05T08:36:12 IST" finished-at="2020-09-05T08:36:12 IST">
          <reporter-output>
          </reporter-output>
        </test-method> <!-- SignUpFreeAccount -->
      </class> <!-- com.AppScripts.signUpFree -->
      <class name="com.AppScripts.AppLoginTest">
        <test-method status="PASS" signature="setupSuite()[pri:0, instance:com.AppScripts.AppLoginTest@262b2c86]" name="setupSuite" is-config="true" duration-ms="403" started-at="2020-09-05T08:34:53 IST" finished-at="2020-09-05T08:34:54 IST">
          <reporter-output>
          </reporter-output>
        </test-method> <!-- setupSuite -->
        <test-method status="PASS" signature="verifyLogin()[pri:0, instance:com.AppScripts.AppLoginTest@262b2c86]" name="verifyLogin" duration-ms="77928" started-at="2020-09-05T08:34:54 IST" finished-at="2020-09-05T08:36:12 IST">
          <reporter-output>
          </reporter-output>
        </test-method> <!-- verifyLogin -->
      </class> <!-- com.AppScripts.AppLoginTest -->
    </test> <!-- Test -->
  </suite> <!-- Suite -->
</testng-results>
